<?xml version="1.0" encoding="UTF-8"?>
<!-- Generated by org.testng.reporters.JUnitXMLReporter -->
<testsuite hostname="DESKTOP-4P6D4RR" ignored="0" name="Default test" tests="4" failures="0" timestamp="15 Apr 2018 02:21:39 GMT" time="12.314" errors="0">
  <testcase name="Login" time="10.315" classname="userinterface.UITestcases"/>
  <testcase name="Search" time="1.236" classname="userinterface.UITestcases"/>
  <testcase name="VerifyNameChange" time="0.04" classname="userinterface.UITestcases"/>
  <testcase name="VerifyDeletion" time="0.7" classname="userinterface.UITestcases"/>
</testsuite> <!-- Default test -->
